<?xml version="1.0" encoding="UTF-8"?><testsuites failures="2" name="dependency-check" tests="2"><testsuite failures="2" id="0" name="/Users/stevenmalmgren/.m2/repository/net/minidev/accessors-smart/2.4.9/accessors-smart-2.4.9.jar" package="accessors-smart-2.4.9.jar" skipped="0" tests="2" timestamp="2024-09-17T13:08:12.72228"><testcase classname="CVE-2022-45688" name="pkg:maven/net.minidev/accessors-smart@2.4.9"><failure message="cvssV3: HIGH, score: 7.5 (CVSS:3.1/AV:N/AC:L/PR:N/UI:N/S:U/C:N/I:N/A:H)"/><system-out>A stack overflow in the XML.toJSONObject component of hutool-json v5.8.10 allows attackers to cause a Denial of Service (DoS) via crafted JSON or XML data.</system-out><system-err>location: /Users/stevenmalmgren/.m2/repository/net/minidev/accessors-smart/2.4.9/accessors-smart-2.4.9.jar</system-err></testcase><testcase classname="CVE-2023-5072" name="pkg:maven/net.minidev/accessors-smart@2.4.9"><failure message="cvssV3: HIGH, score: 7.5 (CVSS:3.1/AV:N/AC:L/PR:N/UI:N/S:U/C:N/I:N/A:H)"/><system-out>Denial of Service  in JSON-Java versions up to and including 20230618.  A bug in the parser means that an input string of modest size can lead to indefinite amounts of memory being used.</system-out><system-err>location: /Users/stevenmalmgren/.m2/repository/net/minidev/accessors-smart/2.4.9/accessors-smart-2.4.9.jar</system-err></testcase></testsuite><testsuite failures="0" id="1" name="/Users/stevenmalmgren/.m2/repository/org/ow2/asm/asm/9.3/asm-9.3.jar" package="asm-9.3.jar" skipped="0" tests="1" timestamp="2024-09-17T13:08:12.72228"><testcase classname="dependency-check" name="asm-9.3.jar"/></testsuite><testsuite failures="0" id="2" name="/Users/stevenmalmgren/.m2/repository/net/minidev/json-smart/2.4.9/json-smart-2.4.9.jar" package="json-smart-2.4.9.jar" skipped="0" tests="1" timestamp="2024-09-17T13:08:12.72228"><testcase classname="dependency-check" name="json-smart-2.4.9.jar"/></testsuite></testsuites>